Arguments: 
  /Users/nick/.asdf/installs/nodejs/14.16.0/bin/node /Users/nick/.asdf/installs/nodejs/14.16.0/.npm/bin/yarn login --registry https://npm.pkg.github.com --scope @cleverfranke

PATH: 
  /Users/nick/.asdf/installs/nodejs/14.16.0/bin:/Users/nick/.asdf/installs/nodejs/14.16.0/.npm/bin:/Users/nick/.asdf/shims:/Users/nick/.zplug/repos/asdf-vm/asdf/bin:/Users/nick/.zplug/repos/zplug/zplug/bin:/Users/nick/.zplug/bin:/usr/local/bin:/usr/bin:/bin:/usr/sbin:/sbin:/usr/local/MacGPG2/bin

Yarn version: 
  1.22.10

Node version: 
  14.16.0

Platform: 
  darwin x64

Trace: 
  Error: canceled
      at Interface.<anonymous> (/Users/nick/.asdf/installs/nodejs/14.16.0/.npm/lib/node_modules/yarn/lib/cli.js:136216:13)
      at Interface.emit (events.js:315:20)
      at Interface._ttyWrite (readline.js:875:16)
      at ReadStream.onkeypress (readline.js:213:10)
      at ReadStream.emit (events.js:315:20)
      at emitKeys (internal/readline/utils.js:345:14)
      at emitKeys.next (<anonymous>)
      at ReadStream.onData (readline.js:1144:36)
      at ReadStream.emit (events.js:315:20)
      at addChunk (internal/streams/readable.js:309:12)

npm manifest: 
  {
    "name": "@cleverfranke/browserslist-config",
    "version": "1.0.0",
    "description": "browserlist config for our usual contracted set of supported browsers",
    "main": "index.js",
    "repository": "https://github.com/cleverfranke/browserslist-config",
    "author": "Nick Rutten <nick@cleverfranke.com>",
    "license": "MIT"
  }

yarn manifest: 
  No manifest

Lockfile: 
  No lockfile
